[15:36:31] [main/ERROR]: Can't find the resource index file: C:\Users\Tim\.gradle\caches\minecraft\assets\indexes\1.7.10.json
[15:36:31] [main/INFO]: Setting user: Player544
[15:36:34] [Client thread/INFO]: LWJGL Version: 2.9.1
[15:36:34] [Client thread/ERROR]: Couldn't initialize twitch stream
[15:36:50] [Client thread/INFO]: Reloading ResourceManager: Default, FMLFileResourcePack:Forge Mod Loader, FMLFileResourcePack:Minecraft Forge, FMLFileResourcePack:Scooby Doo
[15:36:51] [Client thread/INFO]: Created: 16x16 textures/blocks-atlas
[15:36:51] [Client thread/INFO]: Created: 16x16 textures/items-atlas
[15:36:52] [Client thread/INFO]: Reloading ResourceManager: Default, FMLFileResourcePack:Forge Mod Loader, FMLFileResourcePack:Minecraft Forge, FMLFileResourcePack:Scooby Doo
[15:36:53] [Client thread/INFO]: Created: 512x256 textures/blocks-atlas
[15:36:53] [Client thread/INFO]: Created: 256x256 textures/items-atlas
[15:36:59] [Server thread/INFO]: Starting integrated minecraft server version 1.7.10
[15:36:59] [Server thread/INFO]: Generating keypair
[15:36:59] [Server thread/INFO]: Converting map!
[15:36:59] [Server thread/INFO]: Scanning folders...
[15:36:59] [Server thread/INFO]: Total conversion count is 0
[15:37:00] [Server thread/INFO]: Preparing start region for level 0
[15:37:01] [Server thread/INFO]: Preparing spawn area: 5%
[15:37:02] [Server thread/INFO]: Preparing spawn area: 11%
[15:37:03] [Server thread/INFO]: Preparing spawn area: 20%
[15:37:04] [Server thread/INFO]: Preparing spawn area: 29%
[15:37:05] [Server thread/INFO]: Preparing spawn area: 36%
[15:37:06] [Server thread/INFO]: Preparing spawn area: 47%
[15:37:07] [Server thread/INFO]: Preparing spawn area: 58%
[15:37:08] [Server thread/INFO]: Preparing spawn area: 70%
[15:37:09] [Server thread/INFO]: Preparing spawn area: 82%
[15:37:10] [Server thread/INFO]: Preparing spawn area: 92%
[15:37:11] [Server thread/INFO]: Changing view distance to 12, from 10
[15:37:12] [Server thread/INFO]: Player544[local:E:2a6f208a] logged in with entity id 81 at (-178.5, 70.0, 257.5)
[15:37:12] [Server thread/INFO]: Player544 joined the game
[15:37:14] [Server thread/ERROR]: Encountered an unexpected exception
net.minecraft.util.ReportedException: Ticking memory connection
	at net.minecraft.network.NetworkSystem.networkTick(NetworkSystem.java:198) ~[NetworkSystem.class:?]
	at net.minecraft.server.MinecraftServer.updateTimeLightAndEntities(MinecraftServer.java:726) ~[MinecraftServer.class:?]
	at net.minecraft.server.MinecraftServer.tick(MinecraftServer.java:614) ~[MinecraftServer.class:?]
	at net.minecraft.server.integrated.IntegratedServer.tick(IntegratedServer.java:118) ~[IntegratedServer.class:?]
	at net.minecraft.server.MinecraftServer.run(MinecraftServer.java:485) [MinecraftServer.class:?]
	at net.minecraft.server.MinecraftServer$2.run(MinecraftServer.java:752) [MinecraftServer$2.class:?]
Caused by: java.lang.NullPointerException
	at cpw.mods.fml.common.network.internal.FMLProxyPacket.processPacket(FMLProxyPacket.java:110) ~[FMLProxyPacket.class:?]
	at net.minecraft.network.NetworkManager.processReceivedPackets(NetworkManager.java:241) ~[NetworkManager.class:?]
	at net.minecraft.network.NetworkSystem.networkTick(NetworkSystem.java:182) ~[NetworkSystem.class:?]
	... 5 more
[15:37:14] [Server thread/ERROR]: This crash report has been saved to: C:\Programming\forge-1.7.10-10.13.4.1492-1.7.10-src\.\crash-reports\crash-2015-07-27_15.37.14-server.txt
[15:37:14] [Server thread/INFO]: Stopping server
[15:37:14] [Server thread/INFO]: Saving players
[15:37:14] [Server thread/INFO]: Saving worlds
[15:37:14] [Server thread/INFO]: Saving chunks for level 'New World'/Overworld
[15:37:20] [Server thread/INFO]: Saving chunks for level 'New World'/Nether
[15:37:20] [Server thread/INFO]: Saving chunks for level 'New World'/The End
